BUILD TIMESTAMP: Thu Dec 14 10:29:08 GMT 2023

DATE: Tuesday 30 April 2024 20:55:22.045
THR: JwdbTclThread
java.util.ConcurrentModificationException
	at java.base/java.util.Hashtable$Enumerator.next(Hashtable.java:1498)
	at java.base/java.util.AbstractCollection.addAll(AbstractCollection.java:337)
	at java.desktop/javax.swing.MultiUIDefaults.keySet(MultiUIDefaults.java:115)
	at java.desktop/javax.swing.plaf.nimbus.NimbusStyle.validate(NimbusStyle.java:271)
	at java.desktop/javax.swing.plaf.nimbus.NimbusStyle.getValues(NimbusStyle.java:819)
	at java.desktop/javax.swing.plaf.nimbus.NimbusStyle.getInsets(NimbusStyle.java:492)
	at java.desktop/javax.swing.plaf.synth.SynthStyle.installDefaults(SynthStyle.java:915)
	at java.desktop/javax.swing.plaf.synth.SynthLookAndFeel.updateStyle(SynthLookAndFeel.java:297)
	at java.desktop/javax.swing.plaf.synth.SynthLabelUI.updateStyle(SynthLabelUI.java:76)
	at java.desktop/javax.swing.plaf.synth.SynthLabelUI.propertyChange(SynthLabelUI.java:303)
	at java.desktop/java.beans.PropertyChangeSupport.fire(PropertyChangeSupport.java:343)
	at java.desktop/java.beans.PropertyChangeSupport.firePropertyChange(PropertyChangeSupport.java:335)
	at java.desktop/java.beans.PropertyChangeSupport.firePropertyChange(PropertyChangeSupport.java:268)
	at java.desktop/java.awt.Component.firePropertyChange(Component.java:8716)
	at java.desktop/javax.swing.JComponent.putClientProperty(JComponent.java:4180)
	at com.mentor.jeda.comps.JetCustomLaF.customizeComponent(JetCustomLaF.java:13695)
	at com.mentor.jeda.comps.JetCustomLaF$JetJLabel.<init>(JetCustomLaF.java:3214)
	at com.mentor.jeda.wve.WveLongCmd$WaitDialog.a(WveLongCmd.java:280)
	at com.mentor.jeda.wve.WveLongCmd$WaitDialog.<init>(WveLongCmd.java:271)
	at com.mentor.jeda.wve.WveLongCmd.a(WveLongCmd.java:243)
	at com.mentor.jeda.wve.WveLongCmd.startImpl(WveLongCmd.java:133)
	at com.mentor.jeda.wve.WveLongCmd.start(WveLongCmd.java:92)
	at com.mentor.jeda.jwdb.JwdbCom$OpenWdb.execute(JwdbCom.java:10871)
	at com.mentor.jeda.comps.JetCmdRgyEntryTable.a(JetCmdRgyEntryTable.java:693)
	at com.mentor.jeda.comps.JetCmdRgyEntryTable.execute(JetCmdRgyEntryTable.java:131)
	at com.mentor.jeda.comps.JetCmdRgyEntryTable.execute(JetCmdRgyEntryTable.java:104)
	at com.mentor.jeda.jwdb.JwdbCom.execute(JwdbCom.java:31461)
	at com.mentor.jeda.jwdb.JwdbCom.execute(JwdbCom.java:31428)
	at com.mentor.jeda.jwdb.JwdbTclCmd.executeCmd(JwdbTclCmd.java:29335)
	at com.mentor.jeda.jwdb.JwdbTclCmd$DatasetOpen.tclExecute(JwdbTclCmd.java:13974)
	at com.mentor.jeda.jwdb.JwdbTclCmd$TclCallable.execute(JwdbTclCmd.java:2358)
	at com.mentor.jeda.comps.JetCmdRgyEntryTable.a(JetCmdRgyEntryTable.java:693)
	at com.mentor.jeda.comps.JetCmdRgyEntryTable.execute(JetCmdRgyEntryTable.java:131)
	at com.mentor.jeda.jwdb.JwdbTclCmd.execTclCmd(JwdbTclCmd.java:152)
	at com.mentor.jeda.jwdb.JwdbTclIntegration.execTclCmd(JwdbTclIntegration.java:338)
	at com.mentor.jeda.jwdb.JwdbTclIntegration.JExecTclCmd(JwdbTclIntegration.java:1679)
	at com.mentor.jeda.jwdb.JwdbTclIntegration.TclSourceFile(Native Method)
	at com.mentor.jeda.jwdb.JwdbTclIntegration.doTclSourceFile(JwdbTclIntegration.java:400)
	at com.mentor.jeda.wve.WveFileOpen$WveTclFileWrapper.execute(WveFileOpen.java:1061)
	at com.mentor.jeda.jwdb.JwdbTclThread.run(JwdbTclThread.java:958)

